<?xml version="1.0" encoding="UTF-8"?>
<!-- Generated by org.testng.reporters.JUnitReportReporter -->
<testsuite hostname="LTIN116487" failures="0" tests="4" name="com.cognizant.savaari.TestNG_Trigger" time="12.391" errors="0" timestamp="2022-01-29T12:25:26 IST" skipped="0">
  <testcase classname="com.cognizant.savaari.TestNG_Trigger" name="q2" time="3.890"/>
  <system-out/>
  <testcase classname="com.cognizant.savaari.TestNG_Trigger" name="q3" time="0.672"/>
  <system-out/>
  <testcase classname="com.cognizant.savaari.TestNG_Trigger" name="q1" time="4.238"/>
  <system-out/>
  <testcase classname="com.cognizant.savaari.TestNG_Trigger" name="q4" time="3.591"/>
  <system-out/>
</testsuite> <!-- com.cognizant.savaari.TestNG_Trigger -->
